<?xml version="1.0" encoding="UTF-8"?>
<!-- Generated by org.testng.reporters.JUnitReportReporter -->
<testsuite skipped="0" hostname="WIN-GEDESCREUP8" name="NewTest" tests="1" failures="0" timestamp="24 Mar 2018 19:01:54 GMT" time="1.813" errors="0">
  <testcase name="mavenTest" time="1.813" classname="NewTest"/>
</testsuite> <!-- NewTest -->
