<?xml version="1.0" encoding="UTF-8"?>
<!-- Generated by org.testng.reporters.JUnitReportReporter -->
<testsuite skipped="0" hostname="WIN-GEDESCREUP8" name="TestPackage.NewTest" tests="1" failures="0" timestamp="24 Mar 2018 19:15:56 GMT" time="1.521" errors="0">
  <testcase name="mavenTest" time="1.521" classname="TestPackage.NewTest"/>
</testsuite> <!-- TestPackage.NewTest -->
